This is pdfTeX, Version 3.1415926-1.40.10 (TeX Live 2009/Debian) (format=pdflatex 2012.1.3)  25 JAN 2012 17:32
entering extended mode
 %&-line parsing enabled.
**tables.tex
(./tables.tex
LaTeX2e <2009/09/24>
Babel <v3.8l> and hyphenation patterns for english, usenglishmax, dumylang, noh
yphenation, ngerman, german, german-x-2009-06-19, ngerman-x-2009-06-19, loaded.

(/usr/share/texmf-texlive/tex/latex/base/article.cls
Document Class: article 2007/10/19 v1.4h Standard LaTeX document class
(/usr/share/texmf-texlive/tex/latex/base/size10.clo
File: size10.clo 2007/10/19 v1.4h Standard LaTeX file (size option)
)
\c@part=\count79
\c@section=\count80
\c@subsection=\count81
\c@subsubsection=\count82
\c@paragraph=\count83
\c@subparagraph=\count84
\c@figure=\count85
\c@table=\count86
\abovecaptionskip=\skip41
\belowcaptionskip=\skip42
\bibindent=\dimen102
)
(/usr/share/texmf-texlive/tex/latex/geometry/geometry.sty
Package: geometry 2008/12/21 v4.2 Page Geometry

(/usr/share/texmf-texlive/tex/latex/graphics/keyval.sty
Package: keyval 1999/03/16 v1.13 key=value parser (DPC)
\KV@toks@=\toks14
)
(/usr/share/texmf-texlive/tex/generic/oberdiek/ifpdf.sty
Package: ifpdf 2009/04/10 v2.0 Provides the ifpdf switch (HO)
Package ifpdf Info: pdfTeX in pdf mode detected.
)
(/usr/share/texmf-texlive/tex/generic/oberdiek/ifvtex.sty
Package: ifvtex 2008/11/04 v1.4 Switches for detecting VTeX and its modes (HO)
Package ifvtex Info: VTeX not detected.
)
\Gm@cnth=\count87
\Gm@cntv=\count88
\c@Gm@tempcnt=\count89
\Gm@bindingoffset=\dimen103
\Gm@wd@mp=\dimen104
\Gm@odd@mp=\dimen105
\Gm@even@mp=\dimen106
\Gm@dimlist=\toks15
) (./tables.aux)
\openout1 = `tables.aux'.

LaTeX Font Info:    Checking defaults for OML/cmm/m/it on input line 3.
LaTeX Font Info:    ... okay on input line 3.
LaTeX Font Info:    Checking defaults for T1/cmr/m/n on input line 3.
LaTeX Font Info:    ... okay on input line 3.
LaTeX Font Info:    Checking defaults for OT1/cmr/m/n on input line 3.
LaTeX Font Info:    ... okay on input line 3.
LaTeX Font Info:    Checking defaults for OMS/cmsy/m/n on input line 3.
LaTeX Font Info:    ... okay on input line 3.
LaTeX Font Info:    Checking defaults for OMX/cmex/m/n on input line 3.
LaTeX Font Info:    ... okay on input line 3.
LaTeX Font Info:    Checking defaults for U/cmr/m/n on input line 3.
LaTeX Font Info:    ... okay on input line 3.

*geometry auto-detecting driver*
*geometry detected driver: pdftex*
-------------------- Geometry parameters
paper: class default
landscape: true
twocolumn: --
twoside: --
asymmetric: --
h-parts: 119.2467pt, 0.7\paperwidth , 119.24672pt (default)
v-parts: 73.71613pt, 0.7\paperheight , 110.57425pt (default)
hmarginratio: 1:1
vmarginratio: 2:3
lines: --
heightrounded: --
bindingoffset: 0.0pt
truedimen: --
includehead: --
includefoot: --
includemp: --
driver: pdftex
-------------------- Page layout dimensions and switches
\paperwidth  794.96999pt
\paperheight 614.295pt
\textwidth  556.47656pt
\textheight 430.00462pt
\oddsidemargin  46.97672pt
\evensidemargin 46.97672pt
\topmargin  -35.55386pt
\headheight 12.0pt
\headsep    25.0pt
\footskip   30.0pt
\marginparwidth 144.0pt
\marginparsep   11.0pt
\columnsep  10.0pt
\skip\footins  9.0pt plus 4.0pt minus 2.0pt
\hoffset 0.0pt
\voffset 0.0pt
\mag 1000

(1in=72.27pt, 1cm=28.45pt)
-----------------------
LaTeX Font Info:    External font `cmex10' loaded for size
(Font)              <7> on input line 8.
LaTeX Font Info:    External font `cmex10' loaded for size
(Font)              <5> on input line 8.
[1

{/var/lib/texmf/fonts/map/pdftex/updmap/pdftex.map}]
Missing character: There is no Â in font cmbx12!
Missing character: There is no µ in font cmbx12!

Overfull \hbox (43.95518pt too wide) in paragraph at lines 75--86
[] 
 []

Missing character: There is no Â in font cmbx12!
Missing character: There is no µ in font cmbx12!

Overfull \hbox (43.95518pt too wide) in paragraph at lines 88--99
[] 
 []

[2]
Missing character: There is no Â in font cmbx12!
Missing character: There is no µ in font cmbx12!

Overfull \hbox (43.95518pt too wide) in paragraph at lines 101--112
[] 
 []

Missing character: There is no Â in font cmbx12!
Missing character: There is no µ in font cmbx12!

Overfull \hbox (43.95518pt too wide) in paragraph at lines 114--125
[] 
 []

Missing character: There is no Â in font cmbx12!
Missing character: There is no µ in font cmbx12!

Overfull \hbox (43.95518pt too wide) in paragraph at lines 127--138
[] 
 []

[3]
Missing character: There is no Â in font cmbx12!
Missing character: There is no µ in font cmbx12!

Overfull \hbox (43.95518pt too wide) in paragraph at lines 140--151
[] 
 []

Missing character: There is no Â in font cmbx12!
Missing character: There is no µ in font cmbx12!

Overfull \hbox (43.95518pt too wide) in paragraph at lines 153--164
[] 
 []

Missing character: There is no Â in font cmbx12!
Missing character: There is no µ in font cmbx12!

Overfull \hbox (43.95518pt too wide) in paragraph at lines 166--177
[] 
 []

[4]
Missing character: There is no Â in font cmbx12!
Missing character: There is no µ in font cmbx12!

Overfull \hbox (43.95518pt too wide) in paragraph at lines 179--190
[] 
 []

Missing character: There is no Â in font cmbx12!
Missing character: There is no µ in font cmbx12!

Overfull \hbox (43.95518pt too wide) in paragraph at lines 192--203
[] 
 []

Missing character: There is no Â in font cmbx12!
Missing character: There is no µ in font cmbx12!

Overfull \hbox (43.95518pt too wide) in paragraph at lines 205--216
[] 
 []

[5]
Missing character: There is no Â in font cmbx12!
Missing character: There is no µ in font cmbx12!

Overfull \hbox (43.95518pt too wide) in paragraph at lines 218--229
[] 
 []

[6] (./tables.aux) ) 
Here is how much of TeX's memory you used:
 626 strings out of 495021
 8362 string characters out of 1181036
 76090 words of memory out of 3000000
 3885 multiletter control sequences out of 15000+50000
 5158 words of font info for 19 fonts, out of 3000000 for 9000
 28 hyphenation exceptions out of 8191
 23i,7n,19p,169b,117s stack positions out of 5000i,500n,10000p,200000b,50000s
</usr/share/texmf-texlive/fonts/type1/public/amsfonts/cm/cm
bx10.pfb></usr/share/texmf-texlive/fonts/type1/public/amsfonts/cm/cmbx12.pfb></
usr/share/texmf-texlive/fonts/type1/public/amsfonts/cm/cmr10.pfb></usr/share/te
xmf-texlive/fonts/type1/public/amsfonts/cm/cmr7.pfb>
Output written on tables.pdf (6 pages, 72426 bytes).
PDF statistics:
 37 PDF objects out of 1000 (max. 8388607)
 0 named destinations out of 1000 (max. 500000)
 1 words of extra memory for PDF output out of 10000 (max. 10000000)

